<?xml version="1.0" encoding="UTF-8"?>
<!-- Generated by org.testng.reporters.JUnitReportReporter -->
<testsuite hostname="QDEV05DROCE001" name="org.fundacionjala.automation.HTTPRequest" tests="1" failures="0" timestamp="29 Apr 2016 00:25:28 GMT" time="0.641" errors="0">
  <testcase name="request" time="0.641" classname="org.fundacionjala.automation.HTTPRequest"/>
</testsuite> <!-- org.fundacionjala.automation.HTTPRequest -->
